\BOOKMARK [0][-]{chapter.1}{\376\377\000L\000a\000\040\000A\000m\000e\000n\000a\000z\000a\000\040\000C\000u\000\341\000n\000t\000i\000c\000a}{}% 1
\BOOKMARK [0][-]{chapter.2}{\376\377\000F\000u\000n\000d\000a\000m\000e\000n\000t\000o\000s\000\040\000M\000a\000t\000e\000m\000\341\000t\000i\000c\000o\000s\000\040\000d\000e\000\040\000R\000u\000b\000i\000k\000P\000o\000W}{}% 2
\BOOKMARK [1][-]{section.2.1}{\376\377\000E\000l\000\040\000G\000r\000u\000p\000o\000\040\000d\000e\000l\000\040\000C\000u\000b\000o\000\040\000G\000n}{chapter.2}% 3
\BOOKMARK [1][-]{section.2.2}{\376\377\000L\000a\000\040\000F\000u\000n\000c\000i\000\363\000n\000\040\000d\000e\000\040\000D\000i\000f\000i\000c\000u\000l\000t\000a\000d}{chapter.2}% 4
\BOOKMARK [0][-]{chapter.3}{\376\377\000A\000r\000q\000u\000i\000t\000e\000c\000t\000u\000r\000a\000\040\000T\000\351\000c\000n\000i\000c\000a}{}% 5
\BOOKMARK [1][-]{section.3.1}{\376\377\000E\000l\000\040\000P\000a\000l\000l\000e\000t\000\040\000S\000u\000b\000s\000t\000r\000a\000t\000e}{chapter.3}% 6
\BOOKMARK [0][-]{chapter.4}{\376\377\000T\000o\000k\000e\000n\000o\000m\000i\000c\000s\000\040\000y\000\040\000R\000o\000a\000d\000m\000a\000p}{}% 7
\BOOKMARK [0][-]{appendix.Alph1}{\376\377\000A\000p\000\351\000n\000d\000i\000c\000e\000\040\000A\000:\000\040\000T\000a\000b\000l\000a\000s\000\040\000d\000e\000\040\000P\000e\000r\000m\000u\000t\000a\000c\000i\000\363\000n\000\040\000P\000r\000e\000c\000o\000m\000p\000u\000t\000a\000d\000a\000s}{}% 8
\BOOKMARK [1][-]{section.Alph1.1}{\376\377\000B\000l\000o\000q\000u\000e\000\040\000d\000e\000\040\000D\000a\000t\000o\000s\000\040\000d\000e\000\040\000P\000e\000r\000m\000u\000t\000a\000c\000i\000\363\000n\000\040\0001}{appendix.Alph1}% 9
\BOOKMARK [1][-]{section.Alph1.2}{\376\377\000B\000l\000o\000q\000u\000e\000\040\000d\000e\000\040\000D\000a\000t\000o\000s\000\040\000d\000e\000\040\000P\000e\000r\000m\000u\000t\000a\000c\000i\000\363\000n\000\040\0002}{appendix.Alph1}% 10
\BOOKMARK [1][-]{section.Alph1.3}{\376\377\000B\000l\000o\000q\000u\000e\000\040\000d\000e\000\040\000D\000a\000t\000o\000s\000\040\000d\000e\000\040\000P\000e\000r\000m\000u\000t\000a\000c\000i\000\363\000n\000\040\0003}{appendix.Alph1}% 11
\BOOKMARK [1][-]{section.Alph1.4}{\376\377\000B\000l\000o\000q\000u\000e\000\040\000d\000e\000\040\000D\000a\000t\000o\000s\000\040\000d\000e\000\040\000P\000e\000r\000m\000u\000t\000a\000c\000i\000\363\000n\000\040\0004}{appendix.Alph1}% 12
\BOOKMARK [1][-]{section.Alph1.5}{\376\377\000B\000l\000o\000q\000u\000e\000\040\000d\000e\000\040\000D\000a\000t\000o\000s\000\040\000d\000e\000\040\000P\000e\000r\000m\000u\000t\000a\000c\000i\000\363\000n\000\040\0005}{appendix.Alph1}% 13
\BOOKMARK [1][-]{section.Alph1.6}{\376\377\000B\000l\000o\000q\000u\000e\000\040\000d\000e\000\040\000D\000a\000t\000o\000s\000\040\000d\000e\000\040\000P\000e\000r\000m\000u\000t\000a\000c\000i\000\363\000n\000\040\0006}{appendix.Alph1}% 14
\BOOKMARK [1][-]{section.Alph1.7}{\376\377\000B\000l\000o\000q\000u\000e\000\040\000d\000e\000\040\000D\000a\000t\000o\000s\000\040\000d\000e\000\040\000P\000e\000r\000m\000u\000t\000a\000c\000i\000\363\000n\000\040\0007}{appendix.Alph1}% 15
\BOOKMARK [1][-]{section.Alph1.8}{\376\377\000B\000l\000o\000q\000u\000e\000\040\000d\000e\000\040\000D\000a\000t\000o\000s\000\040\000d\000e\000\040\000P\000e\000r\000m\000u\000t\000a\000c\000i\000\363\000n\000\040\0008}{appendix.Alph1}% 16
\BOOKMARK [1][-]{section.Alph1.9}{\376\377\000B\000l\000o\000q\000u\000e\000\040\000d\000e\000\040\000D\000a\000t\000o\000s\000\040\000d\000e\000\040\000P\000e\000r\000m\000u\000t\000a\000c\000i\000\363\000n\000\040\0009}{appendix.Alph1}% 17
\BOOKMARK [1][-]{section.Alph1.10}{\376\377\000B\000l\000o\000q\000u\000e\000\040\000d\000e\000\040\000D\000a\000t\000o\000s\000\040\000d\000e\000\040\000P\000e\000r\000m\000u\000t\000a\000c\000i\000\363\000n\000\040\0001\0000}{appendix.Alph1}% 18
\BOOKMARK [1][-]{section.Alph1.11}{\376\377\000B\000l\000o\000q\000u\000e\000\040\000d\000e\000\040\000D\000a\000t\000o\000s\000\040\000d\000e\000\040\000P\000e\000r\000m\000u\000t\000a\000c\000i\000\363\000n\000\040\0001\0001}{appendix.Alph1}% 19
\BOOKMARK [1][-]{section.Alph1.12}{\376\377\000B\000l\000o\000q\000u\000e\000\040\000d\000e\000\040\000D\000a\000t\000o\000s\000\040\000d\000e\000\040\000P\000e\000r\000m\000u\000t\000a\000c\000i\000\363\000n\000\040\0001\0002}{appendix.Alph1}% 20
\BOOKMARK [1][-]{section.Alph1.13}{\376\377\000B\000l\000o\000q\000u\000e\000\040\000d\000e\000\040\000D\000a\000t\000o\000s\000\040\000d\000e\000\040\000P\000e\000r\000m\000u\000t\000a\000c\000i\000\363\000n\000\040\0001\0003}{appendix.Alph1}% 21
\BOOKMARK [1][-]{section.Alph1.14}{\376\377\000B\000l\000o\000q\000u\000e\000\040\000d\000e\000\040\000D\000a\000t\000o\000s\000\040\000d\000e\000\040\000P\000e\000r\000m\000u\000t\000a\000c\000i\000\363\000n\000\040\0001\0004}{appendix.Alph1}% 22
\BOOKMARK [1][-]{section.Alph1.15}{\376\377\000B\000l\000o\000q\000u\000e\000\040\000d\000e\000\040\000D\000a\000t\000o\000s\000\040\000d\000e\000\040\000P\000e\000r\000m\000u\000t\000a\000c\000i\000\363\000n\000\040\0001\0005}{appendix.Alph1}% 23
\BOOKMARK [1][-]{section.Alph1.16}{\376\377\000B\000l\000o\000q\000u\000e\000\040\000d\000e\000\040\000D\000a\000t\000o\000s\000\040\000d\000e\000\040\000P\000e\000r\000m\000u\000t\000a\000c\000i\000\363\000n\000\040\0001\0006}{appendix.Alph1}% 24
\BOOKMARK [1][-]{section.Alph1.17}{\376\377\000B\000l\000o\000q\000u\000e\000\040\000d\000e\000\040\000D\000a\000t\000o\000s\000\040\000d\000e\000\040\000P\000e\000r\000m\000u\000t\000a\000c\000i\000\363\000n\000\040\0001\0007}{appendix.Alph1}% 25
\BOOKMARK [1][-]{section.Alph1.18}{\376\377\000B\000l\000o\000q\000u\000e\000\040\000d\000e\000\040\000D\000a\000t\000o\000s\000\040\000d\000e\000\040\000P\000e\000r\000m\000u\000t\000a\000c\000i\000\363\000n\000\040\0001\0008}{appendix.Alph1}% 26
\BOOKMARK [1][-]{section.Alph1.19}{\376\377\000B\000l\000o\000q\000u\000e\000\040\000d\000e\000\040\000D\000a\000t\000o\000s\000\040\000d\000e\000\040\000P\000e\000r\000m\000u\000t\000a\000c\000i\000\363\000n\000\040\0001\0009}{appendix.Alph1}% 27
\BOOKMARK [1][-]{section.Alph1.20}{\376\377\000B\000l\000o\000q\000u\000e\000\040\000d\000e\000\040\000D\000a\000t\000o\000s\000\040\000d\000e\000\040\000P\000e\000r\000m\000u\000t\000a\000c\000i\000\363\000n\000\040\0002\0000}{appendix.Alph1}% 28
\BOOKMARK [1][-]{section.Alph1.21}{\376\377\000B\000l\000o\000q\000u\000e\000\040\000d\000e\000\040\000D\000a\000t\000o\000s\000\040\000d\000e\000\040\000P\000e\000r\000m\000u\000t\000a\000c\000i\000\363\000n\000\040\0002\0001}{appendix.Alph1}% 29
\BOOKMARK [1][-]{section.Alph1.22}{\376\377\000B\000l\000o\000q\000u\000e\000\040\000d\000e\000\040\000D\000a\000t\000o\000s\000\040\000d\000e\000\040\000P\000e\000r\000m\000u\000t\000a\000c\000i\000\363\000n\000\040\0002\0002}{appendix.Alph1}% 30
\BOOKMARK [1][-]{section.Alph1.23}{\376\377\000B\000l\000o\000q\000u\000e\000\040\000d\000e\000\040\000D\000a\000t\000o\000s\000\040\000d\000e\000\040\000P\000e\000r\000m\000u\000t\000a\000c\000i\000\363\000n\000\040\0002\0003}{appendix.Alph1}% 31
\BOOKMARK [1][-]{section.Alph1.24}{\376\377\000B\000l\000o\000q\000u\000e\000\040\000d\000e\000\040\000D\000a\000t\000o\000s\000\040\000d\000e\000\040\000P\000e\000r\000m\000u\000t\000a\000c\000i\000\363\000n\000\040\0002\0004}{appendix.Alph1}% 32
\BOOKMARK [1][-]{section.Alph1.25}{\376\377\000B\000l\000o\000q\000u\000e\000\040\000d\000e\000\040\000D\000a\000t\000o\000s\000\040\000d\000e\000\040\000P\000e\000r\000m\000u\000t\000a\000c\000i\000\363\000n\000\040\0002\0005}{appendix.Alph1}% 33
\BOOKMARK [1][-]{section.Alph1.26}{\376\377\000B\000l\000o\000q\000u\000e\000\040\000d\000e\000\040\000D\000a\000t\000o\000s\000\040\000d\000e\000\040\000P\000e\000r\000m\000u\000t\000a\000c\000i\000\363\000n\000\040\0002\0006}{appendix.Alph1}% 34
\BOOKMARK [1][-]{section.Alph1.27}{\376\377\000B\000l\000o\000q\000u\000e\000\040\000d\000e\000\040\000D\000a\000t\000o\000s\000\040\000d\000e\000\040\000P\000e\000r\000m\000u\000t\000a\000c\000i\000\363\000n\000\040\0002\0007}{appendix.Alph1}% 35
\BOOKMARK [1][-]{section.Alph1.28}{\376\377\000B\000l\000o\000q\000u\000e\000\040\000d\000e\000\040\000D\000a\000t\000o\000s\000\040\000d\000e\000\040\000P\000e\000r\000m\000u\000t\000a\000c\000i\000\363\000n\000\040\0002\0008}{appendix.Alph1}% 36
\BOOKMARK [1][-]{section.Alph1.29}{\376\377\000B\000l\000o\000q\000u\000e\000\040\000d\000e\000\040\000D\000a\000t\000o\000s\000\040\000d\000e\000\040\000P\000e\000r\000m\000u\000t\000a\000c\000i\000\363\000n\000\040\0002\0009}{appendix.Alph1}% 37
\BOOKMARK [1][-]{section.Alph1.30}{\376\377\000B\000l\000o\000q\000u\000e\000\040\000d\000e\000\040\000D\000a\000t\000o\000s\000\040\000d\000e\000\040\000P\000e\000r\000m\000u\000t\000a\000c\000i\000\363\000n\000\040\0003\0000}{appendix.Alph1}% 38
\BOOKMARK [1][-]{section.Alph1.31}{\376\377\000B\000l\000o\000q\000u\000e\000\040\000d\000e\000\040\000D\000a\000t\000o\000s\000\040\000d\000e\000\040\000P\000e\000r\000m\000u\000t\000a\000c\000i\000\363\000n\000\040\0003\0001}{appendix.Alph1}% 39
\BOOKMARK [1][-]{section.Alph1.32}{\376\377\000B\000l\000o\000q\000u\000e\000\040\000d\000e\000\040\000D\000a\000t\000o\000s\000\040\000d\000e\000\040\000P\000e\000r\000m\000u\000t\000a\000c\000i\000\363\000n\000\040\0003\0002}{appendix.Alph1}% 40
\BOOKMARK [1][-]{section.Alph1.33}{\376\377\000B\000l\000o\000q\000u\000e\000\040\000d\000e\000\040\000D\000a\000t\000o\000s\000\040\000d\000e\000\040\000P\000e\000r\000m\000u\000t\000a\000c\000i\000\363\000n\000\040\0003\0003}{appendix.Alph1}% 41
\BOOKMARK [1][-]{section.Alph1.34}{\376\377\000B\000l\000o\000q\000u\000e\000\040\000d\000e\000\040\000D\000a\000t\000o\000s\000\040\000d\000e\000\040\000P\000e\000r\000m\000u\000t\000a\000c\000i\000\363\000n\000\040\0003\0004}{appendix.Alph1}% 42
\BOOKMARK [1][-]{section.Alph1.35}{\376\377\000B\000l\000o\000q\000u\000e\000\040\000d\000e\000\040\000D\000a\000t\000o\000s\000\040\000d\000e\000\040\000P\000e\000r\000m\000u\000t\000a\000c\000i\000\363\000n\000\040\0003\0005}{appendix.Alph1}% 43
\BOOKMARK [1][-]{section.Alph1.36}{\376\377\000B\000l\000o\000q\000u\000e\000\040\000d\000e\000\040\000D\000a\000t\000o\000s\000\040\000d\000e\000\040\000P\000e\000r\000m\000u\000t\000a\000c\000i\000\363\000n\000\040\0003\0006}{appendix.Alph1}% 44
\BOOKMARK [1][-]{section.Alph1.37}{\376\377\000B\000l\000o\000q\000u\000e\000\040\000d\000e\000\040\000D\000a\000t\000o\000s\000\040\000d\000e\000\040\000P\000e\000r\000m\000u\000t\000a\000c\000i\000\363\000n\000\040\0003\0007}{appendix.Alph1}% 45
\BOOKMARK [1][-]{section.Alph1.38}{\376\377\000B\000l\000o\000q\000u\000e\000\040\000d\000e\000\040\000D\000a\000t\000o\000s\000\040\000d\000e\000\040\000P\000e\000r\000m\000u\000t\000a\000c\000i\000\363\000n\000\040\0003\0008}{appendix.Alph1}% 46
\BOOKMARK [1][-]{section.Alph1.39}{\376\377\000B\000l\000o\000q\000u\000e\000\040\000d\000e\000\040\000D\000a\000t\000o\000s\000\040\000d\000e\000\040\000P\000e\000r\000m\000u\000t\000a\000c\000i\000\363\000n\000\040\0003\0009}{appendix.Alph1}% 47
\BOOKMARK [1][-]{section.Alph1.40}{\376\377\000B\000l\000o\000q\000u\000e\000\040\000d\000e\000\040\000D\000a\000t\000o\000s\000\040\000d\000e\000\040\000P\000e\000r\000m\000u\000t\000a\000c\000i\000\363\000n\000\040\0004\0000}{appendix.Alph1}% 48
\BOOKMARK [1][-]{section.Alph1.41}{\376\377\000B\000l\000o\000q\000u\000e\000\040\000d\000e\000\040\000D\000a\000t\000o\000s\000\040\000d\000e\000\040\000P\000e\000r\000m\000u\000t\000a\000c\000i\000\363\000n\000\040\0004\0001}{appendix.Alph1}% 49
\BOOKMARK [1][-]{section.Alph1.42}{\376\377\000B\000l\000o\000q\000u\000e\000\040\000d\000e\000\040\000D\000a\000t\000o\000s\000\040\000d\000e\000\040\000P\000e\000r\000m\000u\000t\000a\000c\000i\000\363\000n\000\040\0004\0002}{appendix.Alph1}% 50
\BOOKMARK [1][-]{section.Alph1.43}{\376\377\000B\000l\000o\000q\000u\000e\000\040\000d\000e\000\040\000D\000a\000t\000o\000s\000\040\000d\000e\000\040\000P\000e\000r\000m\000u\000t\000a\000c\000i\000\363\000n\000\040\0004\0003}{appendix.Alph1}% 51
\BOOKMARK [1][-]{section.Alph1.44}{\376\377\000B\000l\000o\000q\000u\000e\000\040\000d\000e\000\040\000D\000a\000t\000o\000s\000\040\000d\000e\000\040\000P\000e\000r\000m\000u\000t\000a\000c\000i\000\363\000n\000\040\0004\0004}{appendix.Alph1}% 52
\BOOKMARK [1][-]{section.Alph1.45}{\376\377\000B\000l\000o\000q\000u\000e\000\040\000d\000e\000\040\000D\000a\000t\000o\000s\000\040\000d\000e\000\040\000P\000e\000r\000m\000u\000t\000a\000c\000i\000\363\000n\000\040\0004\0005}{appendix.Alph1}% 53
\BOOKMARK [1][-]{section.Alph1.46}{\376\377\000B\000l\000o\000q\000u\000e\000\040\000d\000e\000\040\000D\000a\000t\000o\000s\000\040\000d\000e\000\040\000P\000e\000r\000m\000u\000t\000a\000c\000i\000\363\000n\000\040\0004\0006}{appendix.Alph1}% 54
\BOOKMARK [1][-]{section.Alph1.47}{\376\377\000B\000l\000o\000q\000u\000e\000\040\000d\000e\000\040\000D\000a\000t\000o\000s\000\040\000d\000e\000\040\000P\000e\000r\000m\000u\000t\000a\000c\000i\000\363\000n\000\040\0004\0007}{appendix.Alph1}% 55
\BOOKMARK [1][-]{section.Alph1.48}{\376\377\000B\000l\000o\000q\000u\000e\000\040\000d\000e\000\040\000D\000a\000t\000o\000s\000\040\000d\000e\000\040\000P\000e\000r\000m\000u\000t\000a\000c\000i\000\363\000n\000\040\0004\0008}{appendix.Alph1}% 56
\BOOKMARK [1][-]{section.Alph1.49}{\376\377\000B\000l\000o\000q\000u\000e\000\040\000d\000e\000\040\000D\000a\000t\000o\000s\000\040\000d\000e\000\040\000P\000e\000r\000m\000u\000t\000a\000c\000i\000\363\000n\000\040\0004\0009}{appendix.Alph1}% 57
\BOOKMARK [1][-]{section.Alph1.50}{\376\377\000B\000l\000o\000q\000u\000e\000\040\000d\000e\000\040\000D\000a\000t\000o\000s\000\040\000d\000e\000\040\000P\000e\000r\000m\000u\000t\000a\000c\000i\000\363\000n\000\040\0005\0000}{appendix.Alph1}% 58
\BOOKMARK [0][-]{appendix.Alph2}{\376\377\000A\000p\000\351\000n\000d\000i\000c\000e\000\040\000B\000:\000\040\000R\000e\000f\000e\000r\000e\000n\000c\000i\000a\000s\000\040\000A\000c\000a\000d\000\351\000m\000i\000c\000a\000s}{}% 59
