\BOOKMARK [1][-]{section.1}{\376\377\004\030\004\101\004\077\004\076\004\073\004\075\004\070\004\102\004\065\004\073\004\114\004\075\004\076\004\065\000\040\004\100\004\065\004\067\004\116\004\074\004\065}{}% 1
\BOOKMARK [1][-]{section.2}{\376\377\004\022\004\062\004\065\004\064\004\065\004\075\004\070\004\065\000\040\004\070\000\040\004\070\004\101\004\102\004\076\004\100\004\070\004\107\004\065\004\101\004\072\004\070\004\071\000\040\004\072\004\076\004\075\004\102\004\065\004\072\004\101\004\102}{}% 2
\BOOKMARK [2][-]{subsection.2.1}{\376\377\004\055\004\062\004\076\004\073\004\116\004\106\004\070\004\117\000\040\004\072\004\100\004\070\004\077\004\102\004\076\004\063\004\100\004\060\004\104\004\070\004\070}{section.2}% 3
\BOOKMARK [2][-]{subsection.2.2}{\376\377\004\035\004\060\004\064\004\062\004\070\004\063\004\060\004\116\004\111\004\060\004\117\004\101\004\117\000\040\004\072\004\062\004\060\004\075\004\102\004\076\004\062\004\060\004\117\000\040\004\103\004\063\004\100\004\076\004\067\004\060}{section.2}% 4
\BOOKMARK [2][-]{subsection.2.3}{\376\377\004\036\004\063\004\100\004\060\004\075\004\070\004\107\004\065\004\075\004\070\004\117\000\040\004\102\004\065\004\072\004\103\004\111\004\070\004\105\000\040\004\100\004\065\004\110\004\065\004\075\004\070\004\071\000\040\004\077\004\076\004\101\004\102\000-\004\072\004\062\004\060\004\075\004\102\004\076\004\062\004\076\004\071\000\040\004\115\004\077\004\076\004\105\004\070}{section.2}% 5
\BOOKMARK [1][-]{section.3}{\376\377\004\034\004\060\004\102\004\065\004\074\004\060\004\102\004\070\004\107\004\065\004\101\004\072\004\070\004\065\000\040\004\076\004\101\004\075\004\076\004\062\004\113\000\040\000R\000u\000b\000i\000k\000P\000o\000W}{}% 6
\BOOKMARK [2][-]{subsection.3.1}{\376\377\004\042\004\065\004\076\004\100\004\070\004\117\000\040\004\063\004\100\004\103\004\077\004\077\000\040\004\070\000\040\000R\000u\000b\000i\000k\000'\000s\000\040\000C\000u\000b\000e\000s}{section.3}% 7
\BOOKMARK [2][-]{subsection.3.2}{\376\377\004\022\004\113\004\107\004\070\004\101\004\073\004\070\004\102\004\065\004\073\004\114\004\075\004\060\004\117\000\040\004\101\004\073\004\076\004\066\004\075\004\076\004\101\004\102\004\114\000\040\004\077\004\100\004\076\004\061\004\073\004\065\004\074\004\113\000\040\004\100\004\065\004\110\004\065\004\075\004\070\004\117}{section.3}% 8
\BOOKMARK [2][-]{subsection.3.3}{\376\377\004\020\004\075\004\060\004\073\004\070\004\067\000\040\004\101\004\073\004\076\004\066\004\075\004\076\004\101\004\102\004\070\000\040\004\062\000\040\004\101\004\100\004\060\004\062\004\075\004\065\004\075\004\070\004\070\000\040\004\101\000\040\004\060\004\073\004\063\004\076\004\100\004\070\004\102\004\074\004\076\004\074\000\040\004\023\004\100\004\076\004\062\004\065\004\100\004\060}{section.3}% 9
\BOOKMARK [2][-]{subsection.3.4}{\376\377\004\020\004\075\004\060\004\073\004\070\004\067\000\040\004\101\004\073\004\076\004\066\004\075\004\076\004\101\004\102\004\070\000\040\004\062\004\065\004\100\004\070\004\104\004\070\004\072\004\060\004\106\004\070\004\070}{section.3}% 10
\BOOKMARK [1][-]{section.4}{\376\377\004\037\004\100\004\076\004\102\004\076\004\072\004\076\004\073\000\040\004\101\004\076\004\063\004\073\004\060\004\101\004\076\004\062\004\060\004\075\004\070\004\117\000\040\000R\000u\000b\000i\000k\000P\000o\000W}{}% 11
\BOOKMARK [2][-]{subsection.4.1}{\376\377\004\041\004\102\004\100\004\103\004\072\004\102\004\103\004\100\004\060\000\040\004\061\004\073\004\076\004\072\004\060}{section.4}% 12
\BOOKMARK [2][-]{subsection.4.2}{\376\377\004\037\004\100\004\076\004\106\004\065\004\101\004\101\000\040\004\074\004\060\004\071\004\075\004\070\004\075\004\063\004\060}{section.4}% 13
\BOOKMARK [2][-]{subsection.4.3}{\376\377\004\040\004\065\004\063\004\103\004\073\004\070\004\100\004\076\004\062\004\072\004\060\000\040\004\101\004\073\004\076\004\066\004\075\004\076\004\101\004\102\004\070}{section.4}% 14
\BOOKMARK [1][-]{section.5}{\376\377\004\020\004\075\004\060\004\073\004\070\004\067\000\040\004\072\004\062\004\060\004\075\004\102\004\076\004\062\004\076\004\071\000\040\004\061\004\065\004\067\004\076\004\077\004\060\004\101\004\075\004\076\004\101\004\102\004\070}{}% 15
\BOOKMARK [2][-]{subsection.5.1}{\376\377\004\041\004\100\004\060\004\062\004\075\004\065\004\075\004\070\004\065\000\040\004\101\000\040\004\064\004\100\004\103\004\063\004\070\004\074\004\070\000\040\004\060\004\073\004\063\004\076\004\100\004\070\004\102\004\074\004\060\004\074\004\070\000\040\000P\000o\000W}{section.5}% 16
\BOOKMARK [2][-]{subsection.5.2}{\376\377\004\020\004\075\004\060\004\073\004\070\004\067\000\040\004\072\004\100\004\070\004\077\004\102\004\076\004\063\004\100\004\060\004\104\004\070\004\107\004\065\004\101\004\072\004\070\004\105\000\040\004\103\004\117\004\067\004\062\004\070\004\074\004\076\004\101\004\102\004\065\004\071}{section.5}% 17
\BOOKMARK [2][-]{subsection.5.3}{\376\377\004\043\004\101\004\102\004\076\004\071\004\107\004\070\004\062\004\076\004\101\004\102\004\114\000\040\004\072\000\040\004\061\004\103\004\064\004\103\004\111\004\070\004\074\000\040\004\072\004\062\004\060\004\075\004\102\004\076\004\062\004\113\004\074\000\040\004\064\004\076\004\101\004\102\004\070\004\066\004\065\004\075\004\070\004\117\004\074}{section.5}% 18
\BOOKMARK [1][-]{section.6}{\376\377\004\037\004\076\004\073\004\075\004\060\004\117\000\040\004\102\004\076\004\072\004\065\004\075\004\076\004\074\004\070\004\072\004\060}{}% 19
\BOOKMARK [2][-]{subsection.6.1}{\376\377\004\034\004\076\004\064\004\065\004\073\004\114\000\040\004\115\004\074\004\070\004\101\004\101\004\070\004\070}{section.6}% 20
\BOOKMARK [2][-]{subsection.6.2}{\376\377\004\032\004\100\004\070\004\062\004\060\004\117\000\040\004\115\004\074\004\070\004\101\004\101\004\070\004\070\000\040\004\070\000\040\004\105\004\060\004\073\004\062\004\070\004\075\004\063}{section.6}% 21
\BOOKMARK [2][-]{subsection.6.3}{\376\377\004\040\004\060\004\101\004\077\004\100\004\065\004\064\004\065\004\073\004\065\004\075\004\070\004\065\000\040\004\072\004\060\004\067\004\075\004\060\004\107\004\065\004\071\004\101\004\102\004\062\004\060\000\040\004\100\004\060\004\067\004\062\004\070\004\102\004\070\004\117}{section.6}% 22
\BOOKMARK [1][-]{section.7}{\376\377\004\042\004\065\004\105\004\075\004\070\004\107\004\065\004\101\004\072\004\070\004\071\000\040\004\077\004\073\004\060\004\075\000\040\004\070\000\040\004\100\004\060\004\067\004\062\004\070\004\102\004\070\004\065}{}% 23
\BOOKMARK [2][-]{subsection.7.1}{\376\377\004\022\004\065\004\105\004\070\000\040\0002\0000\0002\0005\000-\0002\0000\0002\0006}{section.7}% 24
\BOOKMARK [2][-]{subsection.7.2}{\376\377\004\022\004\065\004\105\004\070\000\040\0002\0000\0002\0007\000-\0002\0000\0002\0009}{section.7}% 25
\BOOKMARK [1][-]{section.8}{\376\377\004\024\004\065\004\102\004\060\004\073\004\114\004\075\004\060\004\117\000\040\004\102\004\065\004\105\004\075\004\070\004\107\004\065\004\101\004\072\004\060\004\117\000\040\004\100\004\065\004\060\004\073\004\070\004\067\004\060\004\106\004\070\004\117}{}% 26
\BOOKMARK [2][-]{subsection.8.1}{\376\377\004\036\004\101\004\075\004\076\004\062\004\075\004\060\004\117\000\040\004\060\004\100\004\105\004\070\004\102\004\065\004\072\004\102\004\103\004\100\004\060}{section.8}% 27
\BOOKMARK [2][-]{subsection.8.2}{\376\377\004\037\004\060\004\073\004\073\004\065\004\102\004\060\000\040\000R\000u\000b\000i\000k\000P\000o\000W}{section.8}% 28
\BOOKMARK [2][-]{subsection.8.3}{\376\377\004\041\004\102\004\100\004\103\004\072\004\102\004\103\004\100\004\060\000\040\004\064\004\060\004\075\004\075\004\113\004\105\000\040\004\072\004\103\004\061\004\060}{section.8}% 29
\BOOKMARK [1][-]{section.9}{\376\377\004\020\004\075\004\060\004\073\004\070\004\067\000\040\004\077\004\100\004\076\004\070\004\067\004\062\004\076\004\064\004\070\004\102\004\065\004\073\004\114\004\075\004\076\004\101\004\102\004\070\000\040\004\070\000\040\004\074\004\060\004\101\004\110\004\102\004\060\004\061\004\070\004\100\004\103\004\065\004\074\004\076\004\101\004\102\004\070}{}% 30
\BOOKMARK [2][-]{subsection.9.1}{\376\377\004\037\004\100\004\076\004\077\004\103\004\101\004\072\004\075\004\060\004\117\000\040\004\101\004\077\004\076\004\101\004\076\004\061\004\075\004\076\004\101\004\102\004\114\000\040\004\102\004\100\004\060\004\075\004\067\004\060\004\072\004\106\004\070\004\071}{section.9}% 31
\BOOKMARK [2][-]{subsection.9.2}{\376\377\004\020\004\075\004\060\004\073\004\070\004\067\000\040\004\077\004\076\004\102\004\100\004\065\004\061\004\073\004\065\004\075\004\070\004\117\000\040\004\115\004\075\004\065\004\100\004\063\004\070\004\070}{section.9}% 32
\BOOKMARK [2][-]{subsection.9.3}{\376\377\004\041\004\100\004\060\004\062\004\075\004\065\004\075\004\070\004\065\000\040\004\101\004\102\004\076\004\070\004\074\004\076\004\101\004\102\004\070\000\040\004\102\004\100\004\060\004\075\004\067\004\060\004\072\004\106\004\070\004\071}{section.9}% 33
\BOOKMARK [1][-]{section.10}{\376\377\004\030\004\075\004\104\004\100\004\060\004\101\004\102\004\100\004\103\004\072\004\102\004\103\004\100\004\060\000\040\004\070\000\040\004\100\004\060\004\067\004\062\004\065\004\100\004\102\004\113\004\062\004\060\004\075\004\070\004\065}{}% 34
\BOOKMARK [2][-]{subsection.10.1}{\376\377\004\020\004\100\004\105\004\070\004\102\004\065\004\072\004\102\004\103\004\100\004\060\000\040\004\103\004\067\004\073\004\060}{section.10}% 35
\BOOKMARK [2][-]{subsection.10.2}{\376\377\004\030\004\075\004\104\004\100\004\060\004\101\004\102\004\100\004\103\004\072\004\102\004\103\004\100\004\060\000\040\004\100\004\060\004\067\004\100\004\060\004\061\004\076\004\102\004\072\004\070}{section.10}% 36
\BOOKMARK [1][-]{section.11}{\376\377\004\021\004\065\004\067\004\076\004\077\004\060\004\101\004\075\004\076\004\101\004\102\004\114\000\040\004\070\000\040\004\060\004\103\004\064\004\070\004\102}{}% 37
\BOOKMARK [2][-]{subsection.11.1}{\376\377\004\037\004\100\004\076\004\106\004\065\004\101\004\101\004\113\000\040\004\061\004\065\004\067\004\076\004\077\004\060\004\101\004\075\004\076\004\101\004\102\004\070}{section.11}% 38
\BOOKMARK [2][-]{subsection.11.2}{\376\377\004\020\004\075\004\060\004\073\004\070\004\067\000\040\004\062\004\065\004\072\004\102\004\076\004\100\004\076\004\062\000\040\004\060\004\102\004\060\004\072}{section.11}% 39
\BOOKMARK [1][-]{section.12}{\376\377\004\041\004\106\004\065\004\075\004\060\004\100\004\070\004\070\000\040\004\070\004\101\004\077\004\076\004\073\004\114\004\067\004\076\004\062\004\060\004\075\004\070\004\117\000\040\004\070\000\040\004\077\004\100\004\070\004\073\004\076\004\066\004\065\004\075\004\070\004\117}{}% 40
\BOOKMARK [2][-]{subsection.12.1}{\376\377\004\024\004\065\004\106\004\065\004\075\004\102\004\100\004\060\004\073\004\070\004\067\004\076\004\062\004\060\004\075\004\075\004\113\004\065\000\040\004\104\004\070\004\075\004\060\004\075\004\101\004\113\000\040\000\050\000D\000e\000F\000i\000\051}{section.12}% 41
\BOOKMARK [2][-]{subsection.12.2}{\376\377\004\030\004\064\004\065\004\075\004\102\004\070\004\107\004\075\004\076\004\101\004\102\004\114\000\040\004\070\000\040\004\064\004\076\004\101\004\102\004\103\004\077}{section.12}% 42
\BOOKMARK [2][-]{subsection.12.3}{\376\377\004\046\004\065\004\077\004\076\004\107\004\072\004\070\000\040\004\077\004\076\004\101\004\102\004\060\004\062\004\076\004\072}{section.12}% 43
\BOOKMARK [1][-]{section.13}{\376\377\004\034\004\060\004\102\004\065\004\074\004\060\004\102\004\070\004\107\004\065\004\101\004\072\004\070\004\065\000\040\004\077\004\100\004\070\004\073\004\076\004\066\004\065\004\075\004\070\004\117}{}% 44
\BOOKMARK [2][-]{subsection.13.1}{\376\377\004\037\004\100\004\070\004\073\004\076\004\066\004\065\004\075\004\070\004\065\000\040\000A\000:\000\040\004\037\004\076\004\064\004\100\004\076\004\061\004\075\004\076\004\065\000\040\004\064\004\076\004\072\004\060\004\067\004\060\004\102\004\065\004\073\004\114\004\101\004\102\004\062\004\076\000\040\004\104\004\076\004\100\004\074\004\103\004\073\004\113\000\040\004\077\004\076\004\100\004\117\004\064\004\072\004\060\000\040\004\063\004\100\004\103\004\077\004\077\004\113}{section.13}% 45
\BOOKMARK [1][-]{section.14}{\376\377\004\036\004\061\004\110\004\070\004\100\004\075\004\113\004\065\000\040\004\060\004\072\004\060\004\064\004\065\004\074\004\070\004\107\004\065\004\101\004\072\004\070\004\065\000\040\004\101\004\101\004\113\004\073\004\072\004\070}{}% 46
\BOOKMARK [1][-]{section.15}{\376\377\004\027\004\060\004\072\004\073\004\116\004\107\004\065\004\075\004\070\004\065\000\040\004\070\000\040\004\061\004\103\004\064\004\103\004\111\004\065\004\065\000\040\004\072\004\062\004\060\004\075\004\102\004\076\004\062\004\076\004\071\000\040\004\072\004\100\004\070\004\077\004\102\004\076\004\063\004\100\004\060\004\104\004\070\004\070}{}% 47
\BOOKMARK [1][-]{section.16}{\376\377\004\021\004\073\004\060\004\063\004\076\004\064\004\060\004\100\004\075\004\076\004\101\004\102\004\070}{}% 48
