\BOOKMARK [1][-]{section.1}{\376\377\000E\000x\000e\000c\000u\000t\000i\000v\000e\000\040\000S\000u\000m\000m\000a\000r\000y}{}% 1
\BOOKMARK [1][-]{section.2}{\376\377\000I\000n\000t\000r\000o\000d\000u\000c\000t\000i\000o\000n}{}% 2
\BOOKMARK [1][-]{section.3}{\376\377\000B\000a\000c\000k\000g\000r\000o\000u\000n\000d\000\040\000a\000n\000d\000\040\000M\000o\000t\000i\000v\000a\000t\000i\000o\000n}{}% 3
\BOOKMARK [2][-]{subsection.3.1}{\376\377\000T\000h\000e\000\040\000q\000u\000a\000n\000t\000u\000m\000\040\000t\000h\000r\000e\000a\000t}{section.3}% 4
\BOOKMARK [2][-]{subsection.3.2}{\376\377\000L\000i\000m\000i\000t\000a\000t\000i\000o\000n\000s\000\040\000o\000f\000\040\000c\000u\000r\000r\000e\000n\000t\000\040\000s\000o\000l\000u\000t\000i\000o\000n\000s}{section.3}% 5
\BOOKMARK [1][-]{section.4}{\376\377\000R\000u\000b\000i\000k\000P\000o\000W\000:\000\040\000T\000h\000e\000\040\000Q\000u\000a\000n\000t\000u\000m\000-\000R\000e\000s\000i\000s\000t\000a\000n\000t\000\040\000P\000r\000o\000o\000f\000-\000o\000f\000-\000W\000o\000r\000k\000\040\000A\000l\000g\000o\000r\000i\000t\000h\000m}{}% 6
\BOOKMARK [2][-]{subsection.4.1}{\376\377\000M\000a\000t\000h\000e\000m\000a\000t\000i\000c\000a\000l\000\040\000f\000o\000u\000n\000d\000a\000t\000i\000o\000n\000s}{section.4}% 7
\BOOKMARK [2][-]{subsection.4.2}{\376\377\000O\000r\000d\000e\000r\000\040\000o\000f\000\040\000t\000h\000e\000\040\000R\000u\000b\000i\000k\000'\000s\000\040\000C\000u\000b\000e\000\040\000g\000r\000o\000u\000p}{section.4}% 8
\BOOKMARK [2][-]{subsection.4.3}{\376\377\000C\000o\000m\000p\000u\000t\000a\000t\000i\000o\000n\000a\000l\000\040\000c\000o\000m\000p\000l\000e\000x\000i\000t\000y}{section.4}% 9
\BOOKMARK [1][-]{section.5}{\376\377\000T\000e\000c\000h\000n\000i\000c\000a\000l\000\040\000I\000m\000p\000l\000e\000m\000e\000n\000t\000a\000t\000i\000o\000n}{}% 10
\BOOKMARK [2][-]{subsection.5.1}{\376\377\000M\000i\000n\000i\000n\000g\000\040\000p\000r\000o\000t\000o\000c\000o\000l}{section.5}% 11
\BOOKMARK [2][-]{subsection.5.2}{\376\377\000B\000l\000o\000c\000k\000\040\000s\000t\000r\000u\000c\000t\000u\000r\000e}{section.5}% 12
\BOOKMARK [2][-]{subsection.5.3}{\376\377\000S\000o\000l\000u\000t\000i\000o\000n\000\040\000a\000l\000g\000o\000r\000i\000t\000h\000m}{section.5}% 13
\BOOKMARK [1][-]{section.6}{\376\377\000S\000e\000c\000u\000r\000i\000t\000y\000\040\000A\000n\000a\000l\000y\000s\000i\000s}{}% 14
\BOOKMARK [2][-]{subsection.6.1}{\376\377\000Q\000u\000a\000n\000t\000u\000m\000\040\000r\000e\000s\000i\000s\000t\000a\000n\000c\000e}{section.6}% 15
\BOOKMARK [2][-]{subsection.6.2}{\376\377\000C\000o\000m\000p\000a\000r\000i\000s\000o\000n\000\040\000w\000i\000t\000h\000\040\000o\000t\000h\000e\000r\000\040\000s\000y\000s\000t\000e\000m\000s}{section.6}% 16
\BOOKMARK [1][-]{section.7}{\376\377\000T\000o\000k\000e\000n\000o\000m\000i\000c\000s}{}% 17
\BOOKMARK [2][-]{subsection.7.1}{\376\377\000E\000m\000i\000s\000s\000i\000o\000n\000\040\000m\000o\000d\000e\000l}{section.7}% 18
\BOOKMARK [2][-]{subsection.7.2}{\376\377\000R\000e\000w\000a\000r\000d\000\040\000c\000u\000r\000v\000e}{section.7}% 19
\BOOKMARK [1][-]{section.8}{\376\377\000S\000c\000a\000l\000a\000b\000i\000l\000i\000t\000y\000\040\000a\000n\000d\000\040\000P\000e\000r\000f\000o\000r\000m\000a\000n\000c\000e}{}% 20
\BOOKMARK [2][-]{subsection.8.1}{\376\377\000B\000l\000o\000c\000k\000\040\000t\000i\000m\000e}{section.8}% 21
\BOOKMARK [2][-]{subsection.8.2}{\376\377\000T\000r\000a\000n\000s\000a\000c\000t\000i\000o\000n\000\040\000t\000h\000r\000o\000u\000g\000h\000p\000u\000t}{section.8}% 22
\BOOKMARK [1][-]{section.9}{\376\377\000R\000o\000a\000d\000m\000a\000p}{}% 23
\BOOKMARK [1][-]{section.10}{\376\377\000S\000m\000a\000r\000t\000\040\000C\000o\000n\000t\000r\000a\000c\000t\000s\000\040\000I\000m\000p\000l\000e\000m\000e\000n\000t\000a\000t\000i\000o\000n}{}% 24
\BOOKMARK [2][-]{subsection.10.1}{\376\377\000T\000h\000e\000o\000r\000e\000t\000i\000c\000a\000l\000\040\000f\000r\000a\000m\000e\000w\000o\000r\000k}{section.10}% 25
\BOOKMARK [2][-]{subsection.10.2}{\376\377\000D\000i\000f\000f\000e\000r\000e\000n\000t\000i\000a\000t\000i\000n\000g\000\040\000f\000e\000a\000t\000u\000r\000e\000s}{section.10}% 26
\BOOKMARK [1][-]{section.11}{\376\377\000E\000c\000o\000n\000o\000m\000i\000c\000\040\000a\000n\000d\000\040\000M\000a\000r\000k\000e\000t\000\040\000A\000n\000a\000l\000y\000s\000i\000s}{}% 27
\BOOKMARK [2][-]{subsection.11.1}{\376\377\000D\000e\000m\000a\000n\000d\000\040\000f\000o\000r\000\040\000q\000u\000a\000n\000t\000u\000m\000-\000r\000e\000s\000i\000s\000t\000a\000n\000t\000\040\000c\000r\000y\000p\000t\000o\000c\000u\000r\000r\000e\000n\000c\000i\000e\000s}{section.11}% 28
\BOOKMARK [2][-]{subsection.11.2}{\376\377\000C\000o\000m\000p\000e\000t\000i\000t\000i\000o\000n}{section.11}% 29
\BOOKMARK [1][-]{section.12}{\376\377\000R\000e\000g\000u\000l\000a\000t\000o\000r\000y\000\040\000A\000s\000p\000e\000c\000t\000s}{}% 30
\BOOKMARK [2][-]{subsection.12.1}{\376\377\000C\000o\000m\000p\000l\000i\000a\000n\000c\000e}{section.12}% 31
\BOOKMARK [2][-]{subsection.12.2}{\376\377\000P\000r\000i\000v\000a\000c\000y\000\040\000a\000n\000d\000\040\000T\000r\000a\000n\000s\000p\000a\000r\000e\000n\000c\000y}{section.12}% 32
\BOOKMARK [1][-]{section.13}{\376\377\000C\000o\000n\000s\000e\000n\000s\000u\000s\000\040\000a\000n\000d\000\040\000G\000o\000v\000e\000r\000n\000a\000n\000c\000e}{}% 33
\BOOKMARK [2][-]{subsection.13.1}{\376\377\000C\000o\000n\000s\000e\000n\000s\000u\000s\000\040\000p\000r\000o\000t\000o\000c\000o\000l}{section.13}% 34
\BOOKMARK [2][-]{subsection.13.2}{\376\377\000D\000e\000c\000e\000n\000t\000r\000a\000l\000i\000z\000e\000d\000\040\000g\000o\000v\000e\000r\000n\000a\000n\000c\000e}{section.13}% 35
\BOOKMARK [1][-]{section.14}{\376\377\000D\000e\000t\000a\000i\000l\000e\000d\000\040\000T\000e\000c\000h\000n\000i\000c\000a\000l\000\040\000I\000m\000p\000l\000e\000m\000e\000n\000t\000a\000t\000i\000o\000n}{}% 36
\BOOKMARK [2][-]{subsection.14.1}{\376\377\000C\000u\000b\000e\000\040\000d\000a\000t\000a\000\040\000s\000t\000r\000u\000c\000t\000u\000r\000e}{section.14}% 37
\BOOKMARK [2][-]{subsection.14.2}{\376\377\000H\000a\000s\000h\000\040\000f\000u\000n\000c\000t\000i\000o\000n\000s}{section.14}% 38
\BOOKMARK [1][-]{section.15}{\376\377\000T\000e\000s\000t\000\040\000R\000e\000s\000u\000l\000t\000s\000\040\000a\000n\000d\000\040\000V\000a\000l\000i\000d\000a\000t\000i\000o\000n}{}% 39
\BOOKMARK [2][-]{subsection.15.1}{\376\377\000S\000e\000c\000u\000r\000i\000t\000y\000\040\000t\000e\000s\000t\000s}{section.15}% 40
\BOOKMARK [2][-]{subsection.15.2}{\376\377\000M\000a\000t\000h\000e\000m\000a\000t\000i\000c\000a\000l\000\040\000v\000a\000l\000i\000d\000a\000t\000i\000o\000n}{section.15}% 41
\BOOKMARK [1][-]{section.16}{\376\377\000A\000t\000t\000a\000c\000k\000\040\000S\000i\000m\000u\000l\000a\000t\000i\000o\000n\000s\000\040\000a\000n\000d\000\040\000R\000i\000s\000k\000\040\000A\000n\000a\000l\000y\000s\000i\000s}{}% 42
\BOOKMARK [2][-]{subsection.16.1}{\376\377\000A\000n\000a\000l\000y\000s\000i\000s\000\040\000o\000f\000\040\000k\000n\000o\000w\000n\000\040\000a\000t\000t\000a\000c\000k\000s}{section.16}% 43
\BOOKMARK [2][-]{subsection.16.2}{\376\377\000R\000i\000s\000k\000\040\000m\000i\000t\000i\000g\000a\000t\000i\000o\000n}{section.16}% 44
\BOOKMARK [1][-]{section.17}{\376\377\000C\000o\000n\000c\000l\000u\000s\000i\000o\000n}{}% 45
\BOOKMARK [1][-]{section.18}{\376\377\000A\000c\000k\000n\000o\000w\000l\000e\000d\000g\000m\000e\000n\000t\000s}{}% 46
\BOOKMARK [1][-]{section.19}{\376\377\000R\000e\000f\000e\000r\000e\000n\000c\000e\000s}{}% 47
\BOOKMARK [1][-]{section.20}{\376\377\000A\000p\000p\000e\000n\000d\000i\000x\000\040\000A\000:\000\040\000P\000e\000r\000m\000u\000t\000a\000t\000i\000o\000n\000\040\000A\000l\000g\000o\000r\000i\000t\000h\000m\000s}{}% 48
\BOOKMARK [2][-]{subsection.20.1}{\376\377\000C\000u\000b\000e\000\040\000S\000t\000a\000t\000e\000\040\000R\000e\000p\000r\000e\000s\000e\000n\000t\000a\000t\000i\000o\000n}{section.20}% 49
\BOOKMARK [2][-]{subsection.20.2}{\376\377\000M\000o\000v\000e\000\040\000A\000p\000p\000l\000i\000c\000a\000t\000i\000o\000n\000\040\000A\000l\000g\000o\000r\000i\000t\000h\000m}{section.20}% 50
\BOOKMARK [1][-]{section.21}{\376\377\000A\000p\000p\000e\000n\000d\000i\000x\000\040\000B\000:\000\040\000C\000o\000m\000p\000l\000e\000x\000i\000t\000y\000\040\000A\000n\000a\000l\000y\000s\000i\000s}{}% 51
\BOOKMARK [2][-]{subsection.21.1}{\376\377\000V\000e\000r\000i\000f\000i\000c\000a\000t\000i\000o\000n\000\040\000C\000o\000m\000p\000l\000e\000x\000i\000t\000y}{section.21}% 52
\BOOKMARK [2][-]{subsection.21.2}{\376\377\000S\000t\000a\000t\000i\000s\000t\000i\000c\000a\000l\000\040\000S\000e\000c\000u\000r\000i\000t\000y\000\040\000A\000n\000a\000l\000y\000s\000i\000s}{section.21}% 53
\BOOKMARK [1][-]{section.22}{\376\377\000A\000p\000p\000e\000n\000d\000i\000x\000\040\000C\000:\000\040\000C\000o\000m\000p\000a\000r\000i\000s\000o\000n\000\040\000w\000i\000t\000h\000\040\000O\000t\000h\000e\000r\000\040\000P\000o\000W\000\040\000A\000l\000g\000o\000r\000i\000t\000h\000m\000s}{}% 54
\BOOKMARK [2][-]{subsection.22.1}{\376\377\000C\000o\000m\000p\000a\000r\000i\000s\000o\000n\000\040\000w\000i\000t\000h\000\040\000S\000H\000A\000-\0002\0005\0006}{section.22}% 55
\BOOKMARK [2][-]{subsection.22.2}{\376\377\000C\000o\000m\000p\000a\000r\000i\000s\000o\000n\000\040\000w\000i\000t\000h\000\040\000S\000c\000r\000y\000p\000t\000\040\000a\000n\000d\000\040\000E\000q\000u\000i\000h\000a\000s\000h}{section.22}% 56
\BOOKMARK [1][-]{section.23}{\376\377\000A\000p\000p\000e\000n\000d\000i\000x\000\040\000D\000:\000\040\000I\000m\000p\000l\000e\000m\000e\000n\000t\000a\000t\000i\000o\000n\000\040\000o\000f\000\040\000D\000i\000f\000f\000i\000c\000u\000l\000t\000y}{}% 57
\BOOKMARK [2][-]{subsection.23.1}{\376\377\000D\000i\000f\000f\000i\000c\000u\000l\000t\000y\000\040\000A\000d\000j\000u\000s\000t\000m\000e\000n\000t}{section.23}% 58
\BOOKMARK [2][-]{subsection.23.2}{\376\377\000C\000o\000m\000b\000i\000n\000e\000d\000\040\000D\000i\000f\000f\000i\000c\000u\000l\000t\000y\000\040\000C\000a\000l\000c\000u\000l\000a\000t\000i\000o\000n}{section.23}% 59
