\BOOKMARK [1][-]{section.1}{\376\377\060\250\060\260\060\274\060\257\060\306\060\243\060\326\060\265\060\336\060\352\060\374}{}% 1
\BOOKMARK [1][-]{section.2}{\376\377\136\217\172\340\060\150\153\164\123\362\166\204\200\314\146\157}{}% 2
\BOOKMARK [2][-]{subsection.2.1}{\376\377\146\227\123\367\060\156\220\062\123\026}{section.2}% 3
\BOOKMARK [2][-]{subsection.2.2}{\376\377\140\045\130\227\060\131\060\213\221\317\133\120\060\263\060\363\060\324\060\345\060\374\060\277\060\156\201\005\132\001}{section.2}% 4
\BOOKMARK [2][-]{subsection.2.3}{\376\377\163\376\127\050\060\156\060\335\060\271\060\310\221\317\133\120\060\275\060\352\060\345\060\374\060\267\060\347\060\363\060\156\122\066\226\120}{section.2}% 5
\BOOKMARK [1][-]{section.3}{\376\377\000R\000u\000b\000i\000k\000P\000o\000W\060\156\145\160\133\146\166\204\127\372\171\016}{}% 6
\BOOKMARK [2][-]{subsection.3.1}{\376\377\177\244\212\326\060\150\060\353\060\374\060\323\060\303\060\257\060\255\060\345\060\374\060\326}{section.3}% 7
\BOOKMARK [2][-]{subsection.3.2}{\376\377\211\343\154\172\125\117\230\114\060\156\212\010\173\227\126\360\226\343\140\047}{section.3}% 8
\BOOKMARK [2][-]{subsection.3.3}{\376\377\060\260\060\355\060\374\060\320\060\374\060\156\060\242\060\353\060\264\060\352\060\272\060\340\060\153\133\376\060\131\060\213\211\007\226\321\140\047\122\006\147\220}{section.3}% 9
\BOOKMARK [2][-]{subsection.3.4}{\376\377\151\034\212\074\126\360\226\343\140\047\060\156\122\006\147\220}{section.3}% 10
\BOOKMARK [1][-]{section.4}{\376\377\000R\000u\000b\000i\000k\000P\000o\000W\124\010\141\017\060\327\060\355\060\310\060\263\060\353}{}% 11
\BOOKMARK [2][-]{subsection.4.1}{\376\377\060\326\060\355\060\303\060\257\151\313\220\040}{section.4}% 12
\BOOKMARK [2][-]{subsection.4.2}{\376\377\060\336\060\244\060\313\060\363\060\260\142\113\230\006}{section.4}% 13
\BOOKMARK [2][-]{subsection.4.3}{\376\377\226\343\146\023\136\246\212\277\145\164}{section.4}% 14
\BOOKMARK [1][-]{section.5}{\376\377\221\317\133\120\060\273\060\255\060\345\060\352\060\306\060\243\122\006\147\220}{}% 15
\BOOKMARK [2][-]{subsection.5.1}{\376\377\116\326\060\156\000P\000o\000W\060\242\060\353\060\264\060\352\060\272\060\340\060\150\060\156\153\324\217\003}{section.5}% 16
\BOOKMARK [2][-]{subsection.5.2}{\376\377\146\227\123\367\201\006\137\061\140\047\060\156\122\006\147\220}{section.5}% 17
\BOOKMARK [2][-]{subsection.5.3}{\376\377\134\006\147\145\060\156\221\317\133\120\220\062\134\125\060\170\060\156\126\336\137\251\122\233}{section.5}% 18
\BOOKMARK [1][-]{section.6}{\376\377\133\214\121\150\060\310\060\374\060\257\060\316\060\337\060\257\060\271}{}% 19
\BOOKMARK [2][-]{subsection.6.1}{\376\377\166\172\210\114\060\342\060\307\060\353}{section.6}% 20
\BOOKMARK [2][-]{subsection.6.2}{\376\377\166\172\210\114\146\362\175\332\060\150\123\112\156\033}{section.6}% 21
\BOOKMARK [2][-]{subsection.6.3}{\376\377\225\213\166\172\214\241\156\220\122\006\221\115}{section.6}% 22
\BOOKMARK [1][-]{section.7}{\376\377\142\200\210\123\166\204\060\355\060\374\060\311\060\336\060\303\060\327\060\150\225\213\166\172}{}% 23
\BOOKMARK [2][-]{subsection.7.1}{\376\377\0002\0000\0002\0005\000-\0002\0000\0002\0006\136\164\060\156\060\336\060\244\060\353\060\271\060\310\060\374\060\363}{section.7}% 24
\BOOKMARK [2][-]{subsection.7.2}{\376\377\0002\0000\0002\0007\000-\0002\0000\0002\0009\136\164\060\156\060\336\060\244\060\353\060\271\060\310\060\374\060\363}{section.7}% 25
\BOOKMARK [1][-]{section.8}{\376\377\212\163\175\060\142\200\210\123\133\237\210\305}{}% 26
\BOOKMARK [2][-]{subsection.8.1}{\376\377\116\055\150\070\060\242\060\374\060\255\060\306\060\257\060\301\060\343}{section.8}% 27
\BOOKMARK [2][-]{subsection.8.2}{\376\377\000R\000u\000b\000i\000k\000P\000o\000W\060\321\060\354\060\303\060\310}{section.8}% 28
\BOOKMARK [2][-]{subsection.8.3}{\376\377\060\255\060\345\060\374\060\326\060\307\060\374\060\277\151\313\220\040}{section.8}% 29
\BOOKMARK [1][-]{section.9}{\376\377\060\321\060\325\060\251\060\374\060\336\060\363\060\271\060\150\060\271\060\261\060\374\060\352\060\363\060\260\122\006\147\220}{}% 30
\BOOKMARK [2][-]{subsection.9.1}{\376\377\060\310\060\351\060\363\060\266\060\257\060\267\060\347\060\363\060\271\060\353\060\374\060\327\060\303\060\310}{section.9}% 31
\BOOKMARK [2][-]{subsection.9.2}{\376\377\060\250\060\315\060\353\060\256\060\374\155\210\214\273\122\006\147\220}{section.9}% 32
\BOOKMARK [2][-]{subsection.9.3}{\376\377\060\310\060\351\060\363\060\266\060\257\060\267\060\347\060\363\060\263\060\271\060\310\153\324\217\003}{section.9}% 33
\BOOKMARK [1][-]{section.10}{\376\377\060\244\060\363\060\325\060\351\060\112\060\210\060\163\134\125\225\213}{}% 34
\BOOKMARK [2][-]{subsection.10.1}{\376\377\060\316\060\374\060\311\060\242\060\374\060\255\060\306\060\257\060\301\060\343}{section.10}% 35
\BOOKMARK [2][-]{subsection.10.2}{\376\377\225\213\166\172\060\244\060\363\060\325\060\351}{section.10}% 36
\BOOKMARK [1][-]{section.11}{\376\377\060\273\060\255\060\345\060\352\060\306\060\243\060\150\166\343\147\373}{}% 37
\BOOKMARK [2][-]{subsection.11.1}{\376\377\133\211\121\150\133\376\173\126}{section.11}% 38
\BOOKMARK [2][-]{subsection.11.2}{\376\377\145\073\144\203\060\331\060\257\060\310\060\353\122\006\147\220}{section.11}% 39
\BOOKMARK [1][-]{section.12}{\376\377\060\346\060\374\060\271\060\261\060\374\060\271\060\150\060\242\060\327\060\352\060\261\060\374\060\267\060\347\060\363}{}% 40
\BOOKMARK [2][-]{subsection.12.1}{\376\377\122\006\145\143\127\213\221\321\207\215\377\010\000D\000e\000F\000i\377\011}{section.12}% 41
\BOOKMARK [2][-]{subsection.12.2}{\376\377\060\242\060\244\060\307\060\363\060\306\060\243\060\306\060\243\060\150\060\242\060\257\060\273\060\271}{section.12}% 42
\BOOKMARK [2][-]{subsection.12.3}{\376\377\060\265\060\327\060\351\060\244\060\301\060\247\060\374\060\363}{section.12}% 43
\BOOKMARK [1][-]{section.13}{\376\377\232\330\136\246\060\152\000R\000u\000b\000i\000k\000P\000o\000W\145\160\133\146}{}% 44
\BOOKMARK [2][-]{subsection.13.1}{\376\377\117\115\166\370\172\172\225\223\211\343\147\220}{section.13}% 45
\BOOKMARK [2][-]{subsection.13.2}{\376\377\177\244\121\205\060\156\060\317\060\337\060\363\060\260\215\335\226\342\211\343\147\220}{section.13}% 46
\BOOKMARK [1][-]{section.14}{\376\377\123\302\200\003\145\207\163\056}{}% 47
\BOOKMARK [1][-]{section.15}{\376\377\175\120\212\326\060\150\221\317\133\120\146\227\123\367\060\156\147\052\147\145}{}% 48
\BOOKMARK [1][-]{section.16}{\376\377\213\035\217\236}{}% 49
