\BOOKMARK [1][-]{section.1}{\376\377\000E\000x\000e\000k\000u\000t\000i\000v\000z\000u\000s\000a\000m\000m\000e\000n\000f\000a\000s\000s\000u\000n\000g}{}% 1
\BOOKMARK [1][-]{section.2}{\376\377\000E\000i\000n\000l\000e\000i\000t\000u\000n\000g}{}% 2
\BOOKMARK [1][-]{section.3}{\376\377\000H\000i\000n\000t\000e\000r\000g\000r\000u\000n\000d\000\040\000u\000n\000d\000\040\000M\000o\000t\000i\000v\000a\000t\000i\000o\000n}{}% 3
\BOOKMARK [2][-]{subsection.3.1}{\376\377\000D\000i\000e\000\040\000Q\000u\000a\000n\000t\000e\000n\000b\000e\000d\000r\000o\000h\000u\000n\000g}{section.3}% 4
\BOOKMARK [2][-]{subsection.3.2}{\376\377\000E\000i\000n\000s\000c\000h\000r\000\344\000n\000k\000u\000n\000g\000e\000n\000\040\000a\000k\000t\000u\000e\000l\000l\000e\000r\000\040\000L\000\366\000s\000u\000n\000g\000e\000n}{section.3}% 5
\BOOKMARK [1][-]{section.4}{\376\377\000R\000u\000b\000i\000k\000P\000o\000W\000:\000\040\000D\000e\000r\000\040\000Q\000u\000a\000n\000t\000e\000n\000-\000r\000e\000s\000i\000s\000t\000e\000n\000t\000e\000\040\000P\000r\000o\000o\000f\000-\000o\000f\000-\000W\000o\000r\000k\000-\000A\000l\000g\000o\000r\000i\000t\000h\000m\000u\000s}{}% 6
\BOOKMARK [2][-]{subsection.4.1}{\376\377\000M\000a\000t\000h\000e\000m\000a\000t\000i\000s\000c\000h\000e\000\040\000G\000r\000u\000n\000d\000l\000a\000g\000e\000n}{section.4}% 7
\BOOKMARK [2][-]{subsection.4.2}{\376\377\000O\000r\000d\000n\000u\000n\000g\000\040\000d\000e\000r\000\040\000R\000u\000b\000i\000k\000'\000s\000\040\000C\000u\000b\000e\000\040\000G\000r\000u\000p\000p\000e}{section.4}% 8
\BOOKMARK [2][-]{subsection.4.3}{\376\377\000R\000e\000c\000h\000e\000n\000s\000c\000h\000w\000i\000e\000r\000i\000g\000k\000e\000i\000t}{section.4}% 9
\BOOKMARK [1][-]{section.5}{\376\377\000T\000e\000c\000h\000n\000i\000s\000c\000h\000e\000\040\000I\000m\000p\000l\000e\000m\000e\000n\000t\000i\000e\000r\000u\000n\000g}{}% 10
\BOOKMARK [2][-]{subsection.5.1}{\376\377\000M\000i\000n\000i\000n\000g\000-\000P\000r\000o\000t\000o\000k\000o\000l\000l}{section.5}% 11
\BOOKMARK [2][-]{subsection.5.2}{\376\377\000B\000l\000o\000c\000k\000s\000t\000r\000u\000k\000t\000u\000r}{section.5}% 12
\BOOKMARK [2][-]{subsection.5.3}{\376\377\000L\000\366\000s\000u\000n\000g\000s\000a\000l\000g\000o\000r\000i\000t\000h\000m\000u\000s}{section.5}% 13
\BOOKMARK [1][-]{section.6}{\376\377\000S\000i\000c\000h\000e\000r\000h\000e\000i\000t\000s\000a\000n\000a\000l\000y\000s\000e}{}% 14
\BOOKMARK [2][-]{subsection.6.1}{\376\377\000Q\000u\000a\000n\000t\000e\000n\000r\000e\000s\000i\000s\000t\000e\000n\000z}{section.6}% 15
\BOOKMARK [2][-]{subsection.6.2}{\376\377\000V\000e\000r\000g\000l\000e\000i\000c\000h\000\040\000m\000i\000t\000\040\000a\000n\000d\000e\000r\000e\000n\000\040\000S\000y\000s\000t\000e\000m\000e\000n}{section.6}% 16
\BOOKMARK [1][-]{section.7}{\376\377\000T\000o\000k\000e\000n\000o\000m\000i\000c\000s}{}% 17
\BOOKMARK [2][-]{subsection.7.1}{\376\377\000E\000m\000i\000s\000s\000i\000o\000n\000s\000m\000o\000d\000e\000l\000l}{section.7}% 18
\BOOKMARK [2][-]{subsection.7.2}{\376\377\000B\000e\000l\000o\000h\000n\000u\000n\000g\000s\000k\000u\000r\000v\000e}{section.7}% 19
\BOOKMARK [1][-]{section.8}{\376\377\000S\000k\000a\000l\000i\000e\000r\000b\000a\000r\000k\000e\000i\000t\000\040\000u\000n\000d\000\040\000L\000e\000i\000s\000t\000u\000n\000g}{}% 20
\BOOKMARK [2][-]{subsection.8.1}{\376\377\000B\000l\000o\000c\000k\000z\000e\000i\000t}{section.8}% 21
\BOOKMARK [2][-]{subsection.8.2}{\376\377\000T\000r\000a\000n\000s\000a\000k\000t\000i\000o\000n\000s\000d\000u\000r\000c\000h\000s\000a\000t\000z}{section.8}% 22
\BOOKMARK [1][-]{section.9}{\376\377\000R\000o\000a\000d\000m\000a\000p}{}% 23
\BOOKMARK [1][-]{section.10}{\376\377\000I\000m\000p\000l\000e\000m\000e\000n\000t\000i\000e\000r\000u\000n\000g\000\040\000i\000n\000t\000e\000l\000l\000i\000g\000e\000n\000t\000e\000r\000\040\000V\000e\000r\000t\000r\000\344\000g\000e}{}% 24
\BOOKMARK [2][-]{subsection.10.1}{\376\377\000T\000h\000e\000o\000r\000e\000t\000i\000s\000c\000h\000e\000r\000\040\000R\000a\000h\000m\000e\000n}{section.10}% 25
\BOOKMARK [2][-]{subsection.10.2}{\376\377\000U\000n\000t\000e\000r\000s\000c\000h\000e\000i\000d\000e\000n\000d\000e\000\040\000M\000e\000r\000k\000m\000a\000l\000e}{section.10}% 26
\BOOKMARK [1][-]{section.11}{\376\377\000W\000i\000r\000t\000s\000c\000h\000a\000f\000t\000l\000i\000c\000h\000e\000\040\000u\000n\000d\000\040\000M\000a\000r\000k\000t\000a\000n\000a\000l\000y\000s\000e}{}% 27
\BOOKMARK [2][-]{subsection.11.1}{\376\377\000N\000a\000c\000h\000f\000r\000a\000g\000e\000\040\000n\000a\000c\000h\000\040\000Q\000u\000a\000n\000t\000e\000n\000-\000r\000e\000s\000i\000s\000t\000e\000n\000t\000e\000n\000\040\000K\000r\000y\000p\000t\000o\000w\000\344\000h\000r\000u\000n\000g\000e\000n}{section.11}% 28
\BOOKMARK [2][-]{subsection.11.2}{\376\377\000W\000e\000t\000t\000b\000e\000w\000e\000r\000b}{section.11}% 29
\BOOKMARK [1][-]{section.12}{\376\377\000R\000e\000g\000u\000l\000a\000t\000o\000r\000i\000s\000c\000h\000e\000\040\000A\000s\000p\000e\000k\000t\000e}{}% 30
\BOOKMARK [2][-]{subsection.12.1}{\376\377\000E\000i\000n\000h\000a\000l\000t\000u\000n\000g}{section.12}% 31
\BOOKMARK [2][-]{subsection.12.2}{\376\377\000P\000r\000i\000v\000a\000t\000s\000p\000h\000\344\000r\000e\000\040\000u\000n\000d\000\040\000T\000r\000a\000n\000s\000p\000a\000r\000e\000n\000z}{section.12}% 32
\BOOKMARK [1][-]{section.13}{\376\377\000K\000o\000n\000s\000e\000n\000s\000\040\000u\000n\000d\000\040\000G\000o\000v\000e\000r\000n\000a\000n\000c\000e}{}% 33
\BOOKMARK [2][-]{subsection.13.1}{\376\377\000K\000o\000n\000s\000e\000n\000s\000p\000r\000o\000t\000o\000k\000o\000l\000l}{section.13}% 34
\BOOKMARK [2][-]{subsection.13.2}{\376\377\000D\000e\000z\000e\000n\000t\000r\000a\000l\000e\000\040\000G\000o\000v\000e\000r\000n\000a\000n\000c\000e}{section.13}% 35
\BOOKMARK [1][-]{section.14}{\376\377\000D\000e\000t\000a\000i\000l\000l\000i\000e\000r\000t\000e\000\040\000t\000e\000c\000h\000n\000i\000s\000c\000h\000e\000\040\000I\000m\000p\000l\000e\000m\000e\000n\000t\000i\000e\000r\000u\000n\000g}{}% 36
\BOOKMARK [2][-]{subsection.14.1}{\376\377\000D\000a\000t\000e\000n\000s\000t\000r\000u\000k\000t\000u\000r\000\040\000d\000e\000s\000\040\000W\000\374\000r\000f\000e\000l\000s}{section.14}% 37
\BOOKMARK [2][-]{subsection.14.2}{\376\377\000H\000a\000s\000h\000-\000F\000u\000n\000k\000t\000i\000o\000n\000e\000n}{section.14}% 38
\BOOKMARK [1][-]{section.15}{\376\377\000T\000e\000s\000t\000-\000\040\000u\000n\000d\000\040\000V\000a\000l\000i\000d\000i\000e\000r\000u\000n\000g\000s\000e\000r\000g\000e\000b\000n\000i\000s\000s\000e}{}% 39
\BOOKMARK [2][-]{subsection.15.1}{\376\377\000S\000i\000c\000h\000e\000r\000h\000e\000i\000t\000s\000p\000r\000\374\000f\000u\000n\000g\000e\000n}{section.15}% 40
\BOOKMARK [2][-]{subsection.15.2}{\376\377\000M\000a\000t\000h\000e\000m\000a\000t\000i\000s\000c\000h\000e\000\040\000V\000a\000l\000i\000d\000i\000e\000r\000u\000n\000g}{section.15}% 41
\BOOKMARK [1][-]{section.16}{\376\377\000A\000n\000g\000r\000i\000f\000f\000s\000s\000i\000m\000u\000l\000a\000t\000i\000o\000n\000e\000n\000\040\000u\000n\000d\000\040\000R\000i\000s\000i\000k\000o\000a\000n\000a\000l\000y\000s\000e}{}% 42
\BOOKMARK [2][-]{subsection.16.1}{\376\377\000A\000n\000a\000l\000y\000s\000e\000\040\000b\000e\000k\000a\000n\000n\000t\000e\000r\000\040\000A\000n\000g\000r\000i\000f\000f\000e}{section.16}% 43
\BOOKMARK [2][-]{subsection.16.2}{\376\377\000R\000i\000s\000i\000k\000o\000m\000i\000n\000d\000e\000r\000u\000n\000g}{section.16}% 44
\BOOKMARK [1][-]{section.17}{\376\377\000F\000a\000z\000i\000t}{}% 45
\BOOKMARK [1][-]{section.18}{\376\377\000D\000a\000n\000k\000s\000a\000g\000u\000n\000g\000e\000n}{}% 46
\BOOKMARK [1][-]{section.19}{\376\377\000R\000e\000f\000e\000r\000e\000n\000z\000e\000n}{}% 47
\BOOKMARK [1][-]{section.20}{\376\377\000A\000n\000h\000a\000n\000g\000\040\000A\000:\000\040\000P\000e\000r\000m\000u\000t\000a\000t\000i\000o\000n\000s\000a\000l\000g\000o\000r\000i\000t\000h\000m\000e\000n}{}% 48
\BOOKMARK [2][-]{subsection.20.1}{\376\377\000W\000\374\000r\000f\000e\000l\000z\000u\000s\000t\000a\000n\000d\000s\000d\000a\000r\000s\000t\000e\000l\000l\000u\000n\000g}{section.20}% 49
\BOOKMARK [2][-]{subsection.20.2}{\376\377\000A\000l\000g\000o\000r\000i\000t\000h\000m\000u\000s\000\040\000z\000u\000r\000\040\000Z\000u\000g\000a\000n\000w\000e\000n\000d\000u\000n\000g}{section.20}% 50
\BOOKMARK [1][-]{section.21}{\376\377\000A\000n\000h\000a\000n\000g\000\040\000B\000:\000\040\000K\000o\000m\000p\000l\000e\000x\000i\000t\000\344\000t\000s\000a\000n\000a\000l\000y\000s\000e}{}% 51
\BOOKMARK [2][-]{subsection.21.1}{\376\377\000V\000e\000r\000i\000f\000i\000k\000a\000t\000i\000o\000n\000s\000k\000o\000m\000p\000l\000e\000x\000i\000t\000\344\000t}{section.21}% 52
\BOOKMARK [2][-]{subsection.21.2}{\376\377\000S\000t\000a\000t\000i\000s\000t\000i\000s\000c\000h\000e\000\040\000S\000i\000c\000h\000e\000r\000h\000e\000i\000t\000s\000a\000n\000a\000l\000y\000s\000e}{section.21}% 53
\BOOKMARK [1][-]{section.22}{\376\377\000A\000n\000h\000a\000n\000g\000\040\000C\000:\000\040\000V\000e\000r\000g\000l\000e\000i\000c\000h\000\040\000m\000i\000t\000\040\000a\000n\000d\000e\000r\000e\000n\000\040\000P\000o\000W\000-\000A\000l\000g\000o\000r\000i\000t\000h\000m\000e\000n}{}% 54
\BOOKMARK [2][-]{subsection.22.1}{\376\377\000V\000e\000r\000g\000l\000e\000i\000c\000h\000\040\000m\000i\000t\000\040\000S\000H\000A\000-\0002\0005\0006}{section.22}% 55
\BOOKMARK [2][-]{subsection.22.2}{\376\377\000V\000e\000r\000g\000l\000e\000i\000c\000h\000\040\000m\000i\000t\000\040\000S\000c\000r\000y\000p\000t\000\040\000u\000n\000d\000\040\000E\000q\000u\000i\000h\000a\000s\000h}{section.22}% 56
\BOOKMARK [1][-]{section.23}{\376\377\000A\000n\000h\000a\000n\000g\000\040\000D\000:\000\040\000I\000m\000p\000l\000e\000m\000e\000n\000t\000i\000e\000r\000u\000n\000g\000\040\000d\000e\000r\000\040\000S\000c\000h\000w\000i\000e\000r\000i\000g\000k\000e\000i\000t}{}% 57
\BOOKMARK [2][-]{subsection.23.1}{\376\377\000S\000c\000h\000w\000i\000e\000r\000i\000g\000k\000e\000i\000t\000s\000a\000n\000p\000a\000s\000s\000u\000n\000g}{section.23}% 58
\BOOKMARK [2][-]{subsection.23.2}{\376\377\000B\000e\000r\000e\000c\000h\000n\000u\000n\000g\000\040\000d\000e\000r\000\040\000k\000o\000m\000b\000i\000n\000i\000e\000r\000t\000e\000n\000\040\000S\000c\000h\000w\000i\000e\000r\000i\000g\000k\000e\000i\000t}{section.23}% 59
